[14:58:31] [main/INFO] (FabricLoader/GameProvider) Loading Minecraft 1.20.1 with Fabric Loader 0.15.7
[14:58:31] [ForkJoinPool-1-worker-1/WARN] (FabricLoader/Metadata) Mod wurst uses the version v7.41.2-MC1.20.1 which isn't compatible with Loader's extended semantic version format (Could not parse version number component 'v7'!), SemVer is recommended for reliably evaluating dependencies and prioritizing newer version
[14:58:32] [main/INFO] (FabricLoader) Loading 59 mods:
	- fabric-api 0.92.0+1.20.1
	- fabric-api-base 0.4.31+1802ada577
	- fabric-api-lookup-api-v1 1.6.36+1802ada577
	- fabric-biome-api-v1 13.0.13+1802ada577
	- fabric-block-api-v1 1.0.11+1802ada577
	- fabric-block-view-api-v2 1.0.1+1802ada577
	- fabric-blockrenderlayer-v1 1.1.41+1802ada577
	- fabric-client-tags-api-v1 1.1.2+1802ada577
	- fabric-command-api-v1 1.2.34+f71b366f77
	- fabric-command-api-v2 2.2.13+1802ada577
	- fabric-commands-v0 0.2.51+df3654b377
	- fabric-containers-v0 0.1.64+df3654b377
	- fabric-content-registries-v0 4.0.11+1802ada577
	- fabric-convention-tags-v1 1.5.5+1802ada577
	- fabric-crash-report-info-v1 0.2.19+1802ada577
	- fabric-data-attachment-api-v1 1.0.0+de0fd6d177
	- fabric-data-generation-api-v1 12.3.4+1802ada577
	- fabric-dimensions-v1 2.1.54+1802ada577
	- fabric-entity-events-v1 1.6.0+1c78457f77
	- fabric-events-interaction-v0 0.6.2+1802ada577
	- fabric-events-lifecycle-v0 0.2.63+df3654b377
	- fabric-game-rule-api-v1 1.0.40+1802ada577
	- fabric-gametest-api-v1 1.2.13+1802ada577
	- fabric-item-api-v1 2.1.28+1802ada577
	- fabric-item-group-api-v1 4.0.12+1802ada577
	- fabric-key-binding-api-v1 1.0.37+1802ada577
	- fabric-keybindings-v0 0.2.35+df3654b377
	- fabric-lifecycle-events-v1 2.2.22+1802ada577
	- fabric-loot-api-v2 1.2.1+1802ada577
	- fabric-loot-tables-v1 1.1.45+9e7660c677
	- fabric-message-api-v1 5.1.9+1802ada577
	- fabric-mining-level-api-v1 2.1.50+1802ada577
	- fabric-model-loading-api-v1 1.0.3+1802ada577
	- fabric-models-v0 0.4.2+9386d8a777
	- fabric-networking-api-v1 1.3.11+1802ada577
	- fabric-networking-v0 0.3.51+df3654b377
	- fabric-object-builder-api-v1 11.1.3+1802ada577
	- fabric-particles-v1 1.1.2+1802ada577
	- fabric-recipe-api-v1 1.0.21+1802ada577
	- fabric-registry-sync-v0 2.3.3+1802ada577
	- fabric-renderer-api-v1 3.2.1+1802ada577
	- fabric-renderer-indigo 1.5.1+1802ada577
	- fabric-renderer-registries-v1 3.2.46+df3654b377
	- fabric-rendering-data-attachment-v1 0.3.37+92a0d36777
	- fabric-rendering-fluids-v1 3.0.28+1802ada577
	- fabric-rendering-v0 1.1.49+df3654b377
	- fabric-rendering-v1 3.0.8+1802ada577
	- fabric-resource-conditions-api-v1 2.3.8+1802ada577
	- fabric-resource-loader-v0 0.11.10+1802ada577
	- fabric-screen-api-v1 2.0.8+1802ada577
	- fabric-screen-handler-api-v1 1.3.30+1802ada577
	- fabric-sound-api-v1 1.0.13+1802ada577
	- fabric-transfer-api-v1 3.3.4+1802ada577
	- fabric-transitive-access-wideners-v1 4.3.1+1802ada577
	- fabricloader 0.15.7
	- java 17
	- minecraft 1.20.1
	- mixinextras 0.3.5
	- wurst v7.41.2-MC1.20.1
[14:58:32] [main/INFO] (FabricLoader/Mixin) SpongePowered MIXIN Subsystem Version=0.8.5 Source=file:/C:/Users/PC%2011/.gradle/caches/modules-2/files-2.1/net.fabricmc/sponge-mixin/0.12.5+mixin.0.8.5/8d31fb97c3e0cd7c8dad3441851c523bcfae6d8e/sponge-mixin-0.12.5+mixin.0.8.5.jar Service=Knot/Fabric Env=CLIENT
[14:58:32] [main/INFO] (FabricLoader/Mixin) Loaded Fabric development mappings for mixin remapper!
[14:58:32] [main/INFO] (FabricLoader/Mixin) Compatibility level set to JAVA_16
[14:58:32] [main/INFO] (FabricLoader/Mixin) Compatibility level set to JAVA_17
[14:58:33] [main/WARN] (FabricLoader/Mixin) Error loading class: me/jellysquid/mods/sodium/client/render/chunk/compile/pipeline/BlockOcclusionCache (java.lang.ClassNotFoundException: me/jellysquid/mods/sodium/client/render/chunk/compile/pipeline/BlockOcclusionCache)
[14:58:33] [main/WARN] (FabricLoader/Mixin) Error loading class: me/jellysquid/mods/sodium/client/render/occlusion/BlockOcclusionCache (java.lang.ClassNotFoundException: me/jellysquid/mods/sodium/client/render/occlusion/BlockOcclusionCache)
[14:58:33] [main/WARN] (FabricLoader/Mixin) Error loading class: me/jellysquid/mods/sodium/client/render/chunk/compile/pipeline/FluidRenderer (java.lang.ClassNotFoundException: me/jellysquid/mods/sodium/client/render/chunk/compile/pipeline/FluidRenderer)
[14:58:33] [main/WARN] (FabricLoader/Mixin) Error loading class: me/jellysquid/mods/sodium/client/render/pipeline/FluidRenderer (java.lang.ClassNotFoundException: me/jellysquid/mods/sodium/client/render/pipeline/FluidRenderer)
[14:58:34] [main/INFO] (FabricLoader/MixinExtras|Service) Initializing MixinExtras via com.llamalad7.mixinextras.service.MixinExtrasServiceImpl(version=0.3.5).
[14:58:44] [Datafixer Bootstrap/INFO] (Minecraft) 188 Datafixer optimizations took 395 milliseconds
[14:58:48] [Render thread/INFO] (Minecraft) Environment: authHost='https://authserver.mojang.com', accountsHost='https://api.mojang.com', sessionHost='https://sessionserver.mojang.com', servicesHost='https://api.minecraftservices.com', name='PROD'
[14:58:49] [Render thread/ERROR] (Minecraft) Failed to verify authentication
com.mojang.authlib.exceptions.InvalidCredentialsException: Status: 401
	at com.mojang.authlib.exceptions.MinecraftClientHttpException.toAuthenticationException(MinecraftClientHttpException.java:56) ~[authlib-4.0.43.jar:?]
	at com.mojang.authlib.yggdrasil.YggdrasilUserApiService.fetchProperties(YggdrasilUserApiService.java:156) ~[authlib-4.0.43.jar:?]
	at com.mojang.authlib.yggdrasil.YggdrasilUserApiService.<init>(YggdrasilUserApiService.java:55) ~[authlib-4.0.43.jar:?]
	at com.mojang.authlib.yggdrasil.YggdrasilAuthenticationService.createUserApiService(YggdrasilAuthenticationService.java:124) ~[authlib-4.0.43.jar:?]
	at net.minecraft.client.MinecraftClient.createUserApiService(MinecraftClient.java:733) ~[minecraft-merged-47b55458d7-1.20.1-net.fabricmc.yarn.1_20_1.1.20.1+build.10-v2.jar:?]
	at net.minecraft.client.MinecraftClient.<init>(MinecraftClient.java:442) ~[minecraft-merged-47b55458d7-1.20.1-net.fabricmc.yarn.1_20_1.1.20.1+build.10-v2.jar:?]
	at net.minecraft.client.main.Main.main(Main.java:211) ~[minecraft-merged-47b55458d7-1.20.1-net.fabricmc.yarn.1_20_1.1.20.1+build.10-v2.jar:?]
	at net.fabricmc.loader.impl.game.minecraft.MinecraftGameProvider.launch(MinecraftGameProvider.java:470) ~[fabric-loader-0.15.7.jar:?]
	at net.fabricmc.loader.impl.launch.knot.Knot.launch(Knot.java:74) ~[fabric-loader-0.15.7.jar:?]
	at net.fabricmc.loader.impl.launch.knot.KnotClient.main(KnotClient.java:23) ~[fabric-loader-0.15.7.jar:?]
	at net.fabricmc.devlaunchinjector.Main.main(Main.java:86) ~[dev-launch-injector-0.2.1+build.8.jar:?]
Caused by: com.mojang.authlib.exceptions.MinecraftClientHttpException: Status: 401
	at com.mojang.authlib.minecraft.client.MinecraftClient.readInputStream(MinecraftClient.java:85) ~[authlib-4.0.43.jar:?]
	at com.mojang.authlib.minecraft.client.MinecraftClient.get(MinecraftClient.java:48) ~[authlib-4.0.43.jar:?]
	at com.mojang.authlib.yggdrasil.YggdrasilUserApiService.fetchProperties(YggdrasilUserApiService.java:129) ~[authlib-4.0.43.jar:?]
	... 9 more
[14:58:49] [Render thread/INFO] (Minecraft) Setting user: Player972
[14:58:49] [Render thread/INFO] (Minecraft) [STDOUT]: Starting Wurst Client...
[14:58:50] [Render thread/INFO] (Indigo) [Indigo] Registering Indigo renderer!
[14:58:51] [Render thread/INFO] (Minecraft) Backend library: LWJGL version 3.3.1 SNAPSHOT
[14:58:54] [Render thread/INFO] (Minecraft) Reloading ResourceManager: vanilla, fabric (fabric-message-api-v1, fabric-transfer-api-v1, fabric-rendering-data-attachment-v1, fabric-api-lookup-api-v1, fabric-blockrenderlayer-v1, fabric-block-api-v1, fabricloader, fabric-renderer-indigo, fabric-command-api-v1, fabric-registry-sync-v0, fabric-resource-loader-v0, fabric-gametest-api-v1, fabric-commands-v0, fabric-transitive-access-wideners-v1, fabric-keybindings-v0, fabric-item-api-v1, fabric-content-registries-v0, fabric-events-lifecycle-v0, fabric-renderer-api-v1, fabric-convention-tags-v1, wurst, fabric-sound-api-v1, fabric-loot-api-v2, fabric-mining-level-api-v1, fabric-screen-api-v1, fabric-client-tags-api-v1, fabric-crash-report-info-v1, fabric-game-rule-api-v1, fabric-recipe-api-v1, fabric-loot-tables-v1, fabric-model-loading-api-v1, fabric-block-view-api-v2, fabric-models-v0, fabric-key-binding-api-v1, fabric-lifecycle-events-v1, fabric-command-api-v2, fabric-rendering-v0, fabric-object-builder-api-v1, fabric-particles-v1, fabric-screen-handler-api-v1, fabric-api, fabric-entity-events-v1, fabric-rendering-v1, fabric-networking-v0, fabric-data-attachment-api-v1, fabric-data-generation-api-v1, fabric-api-base, fabric-networking-api-v1, fabric-containers-v0, fabric-rendering-fluids-v1, fabric-resource-conditions-api-v1, fabric-dimensions-v1, fabric-biome-api-v1, fabric-item-group-api-v1, fabric-events-interaction-v0, fabric-renderer-registries-v1)
[14:58:54] [Worker-Main-3/INFO] (Minecraft) Found unifont_all_no_pua-15.0.06.hex, loading
[14:58:55] [Realms Notification Availability checker #1/INFO] (Minecraft) Could not authorize you against Realms server: Invalid session id
[14:58:56] [Render thread/WARN] (Minecraft) Missing sound for event: minecraft:item.goat_horn.play
[14:58:56] [Render thread/WARN] (Minecraft) Missing sound for event: minecraft:entity.goat.screaming.horn_break
[14:58:56] [Render thread/ERROR] (Minecraft) Error starting SoundSystem. Turning off sounds & music
java.lang.IllegalStateException: Failed to open OpenAL device
	at net.minecraft.client.sound.SoundEngine.openDeviceOrFallback(SoundEngine.java:283) ~[minecraft-merged-47b55458d7-1.20.1-net.fabricmc.yarn.1_20_1.1.20.1+build.10-v2.jar:?]
	at net.minecraft.client.sound.SoundEngine.init(SoundEngine.java:153) ~[minecraft-merged-47b55458d7-1.20.1-net.fabricmc.yarn.1_20_1.1.20.1+build.10-v2.jar:?]
	at net.minecraft.client.sound.SoundSystem.start(SoundSystem.java:116) ~[minecraft-merged-47b55458d7-1.20.1-net.fabricmc.yarn.1_20_1.1.20.1+build.10-v2.jar:?]
	at net.minecraft.client.sound.SoundSystem.reloadSounds(SoundSystem.java:106) ~[minecraft-merged-47b55458d7-1.20.1-net.fabricmc.yarn.1_20_1.1.20.1+build.10-v2.jar:?]
	at net.minecraft.client.sound.SoundManager.apply(SoundManager.java:125) ~[minecraft-merged-47b55458d7-1.20.1-net.fabricmc.yarn.1_20_1.1.20.1+build.10-v2.jar:?]
	at net.minecraft.client.sound.SoundManager.apply(SoundManager.java:40) ~[minecraft-merged-47b55458d7-1.20.1-net.fabricmc.yarn.1_20_1.1.20.1+build.10-v2.jar:?]
	at net.minecraft.resource.SinglePreparationResourceReloader.method_18790(SinglePreparationResourceReloader.java:13) ~[minecraft-merged-47b55458d7-1.20.1-net.fabricmc.yarn.1_20_1.1.20.1+build.10-v2.jar:?]
	at java.util.concurrent.CompletableFuture$UniAccept.tryFire(CompletableFuture.java:718) ~[?:?]
	at java.util.concurrent.CompletableFuture$Completion.run(CompletableFuture.java:482) ~[?:?]
	at net.minecraft.resource.SimpleResourceReload.method_18365(SimpleResourceReload.java:69) ~[minecraft-merged-47b55458d7-1.20.1-net.fabricmc.yarn.1_20_1.1.20.1+build.10-v2.jar:?]
	at net.minecraft.util.thread.ThreadExecutor.executeTask(ThreadExecutor.java:156) ~[minecraft-merged-47b55458d7-1.20.1-net.fabricmc.yarn.1_20_1.1.20.1+build.10-v2.jar:?]
	at net.minecraft.util.thread.ReentrantThreadExecutor.executeTask(ReentrantThreadExecutor.java:23) ~[minecraft-merged-47b55458d7-1.20.1-net.fabricmc.yarn.1_20_1.1.20.1+build.10-v2.jar:?]
	at net.minecraft.util.thread.ThreadExecutor.runTask(ThreadExecutor.java:130) ~[minecraft-merged-47b55458d7-1.20.1-net.fabricmc.yarn.1_20_1.1.20.1+build.10-v2.jar:?]
	at net.minecraft.util.thread.ThreadExecutor.runTasks(ThreadExecutor.java:115) ~[minecraft-merged-47b55458d7-1.20.1-net.fabricmc.yarn.1_20_1.1.20.1+build.10-v2.jar:?]
	at net.minecraft.client.MinecraftClient.render(MinecraftClient.java:1175) ~[minecraft-merged-47b55458d7-1.20.1-net.fabricmc.yarn.1_20_1.1.20.1+build.10-v2.jar:?]
	at net.minecraft.client.MinecraftClient.run(MinecraftClient.java:802) ~[minecraft-merged-47b55458d7-1.20.1-net.fabricmc.yarn.1_20_1.1.20.1+build.10-v2.jar:?]
	at net.minecraft.client.main.Main.main(Main.java:250) ~[minecraft-merged-47b55458d7-1.20.1-net.fabricmc.yarn.1_20_1.1.20.1+build.10-v2.jar:?]
	at net.fabricmc.loader.impl.game.minecraft.MinecraftGameProvider.launch(MinecraftGameProvider.java:470) ~[fabric-loader-0.15.7.jar:?]
	at net.fabricmc.loader.impl.launch.knot.Knot.launch(Knot.java:74) ~[fabric-loader-0.15.7.jar:?]
	at net.fabricmc.loader.impl.launch.knot.KnotClient.main(KnotClient.java:23) ~[fabric-loader-0.15.7.jar:?]
	at net.fabricmc.devlaunchinjector.Main.main(Main.java:86) ~[dev-launch-injector-0.2.1+build.8.jar:?]
[14:58:57] [Render thread/INFO] (Minecraft) Created: 1024x512x4 minecraft:textures/atlas/blocks.png-atlas
[14:58:57] [Render thread/INFO] (Minecraft) Created: 256x256x4 minecraft:textures/atlas/signs.png-atlas
[14:58:57] [Render thread/INFO] (Minecraft) Created: 512x512x4 minecraft:textures/atlas/shield_patterns.png-atlas
[14:58:57] [Render thread/INFO] (Minecraft) Created: 512x512x4 minecraft:textures/atlas/banner_patterns.png-atlas
[14:58:57] [Render thread/INFO] (Minecraft) Created: 1024x1024x4 minecraft:textures/atlas/armor_trims.png-atlas
[14:58:57] [Render thread/INFO] (Minecraft) Created: 128x64x4 minecraft:textures/atlas/decorated_pot.png-atlas
[14:58:57] [Render thread/INFO] (Minecraft) Created: 256x256x4 minecraft:textures/atlas/chest.png-atlas
[14:58:57] [Render thread/INFO] (Minecraft) Created: 512x256x4 minecraft:textures/atlas/shulker_boxes.png-atlas
[14:58:57] [Render thread/INFO] (Minecraft) Created: 512x256x4 minecraft:textures/atlas/beds.png-atlas
[14:58:57] [Render thread/WARN] (Minecraft) Shader rendertype_entity_translucent_emissive could not find sampler named Sampler2 in the specified shader program.
[14:58:57] [Render thread/INFO] (Minecraft) Created: 256x256x0 minecraft:textures/atlas/particles.png-atlas
[14:58:57] [Render thread/INFO] (Minecraft) Created: 256x256x0 minecraft:textures/atlas/paintings.png-atlas
[14:58:57] [Render thread/INFO] (Minecraft) Created: 128x128x0 minecraft:textures/atlas/mob_effects.png-atlas
[14:59:01] [Render thread/INFO] (Minecraft) Connecting to sinussmp.ru, 25565
[14:59:04] [Render thread/INFO] (Minecraft) [STDOUT]: Brightness started at 0.5
[14:59:06] [Render thread/INFO] (Minecraft) [STDOUT]: Disconnected: empty[style={}, siblings=[literal{SinusFilter}[style={color=#9CFF1D,bold}], literal{

}, literal{Вы успешно прошли проверку.
}[style={color=green}, siblings=[literal{Теперь вы можете играть на сервере после переподключения.}[style={color=white}]]]]]
[14:59:07] [Render thread/INFO] (Minecraft) Connecting to sinussmp.ru, 25565
[14:59:09] [Render thread/INFO] (Minecraft) [System] [CHAT] Aутентификация  Зарегистрируйтесь, используя /register <пароль> <пароль>
[14:59:09] [Render thread/WARN] (Minecraft) Unknown custom packed identifier: limboauth:mod/541f59e4256a337ea252bc482a009d46
[14:59:18] [WurstUpdater/INFO] (Minecraft) [STDOUT]: [Updater] Current version: 7.41.2
[14:59:18] [WurstUpdater/INFO] (Minecraft) [STDOUT]: [Updater] Latest version: 7.41.2
[15:00:02] [Render thread/INFO] (Minecraft) Stopping!
